DEBUG:root:                 5     3     1      0     6     4
2023 3 31 4    NaN   NaN   NaN    NaN  42.0   NaN
     4 1  5    NaN   NaN   NaN    NaN  76.0   NaN
       2  6    NaN  97.0   NaN    NaN   NaN   NaN
       3  0    NaN   NaN   NaN    NaN   NaN  77.0
       4  1    NaN   NaN   NaN    NaN  92.0   NaN
       5  2   78.0   NaN   NaN    NaN   NaN   NaN
       6  3    NaN   NaN   NaN    NaN  35.0   NaN
       7  4   74.0   NaN   NaN    NaN   NaN   NaN
       8  5  907.0   NaN   NaN    NaN   NaN   NaN
       9  6    NaN   NaN   NaN  901.0   NaN   NaN
       10 0    NaN   NaN   NaN    NaN  81.0   NaN
       11 1    NaN   NaN   NaN    NaN   NaN  77.0
       12 2    NaN   NaN   NaN    NaN  75.0   NaN
       13 3   82.0   NaN   NaN    NaN   NaN   NaN
       14 4    NaN   NaN   NaN    NaN  92.0   NaN
       15 5    NaN   NaN   NaN    NaN  45.0   NaN
       16 6    NaN   NaN  80.0    NaN   NaN   NaN
       17 0    NaN   NaN   NaN    NaN  87.0   NaN
       18 1    NaN   NaN   NaN    NaN   NaN  65.0
       19 2   85.0   NaN   NaN    NaN   NaN   NaN
       20 3    NaN   NaN   NaN    NaN  59.0   NaN
       21 4   73.0   NaN   NaN    NaN   NaN   NaN
       22 5    NaN  97.0   NaN    NaN   NaN   NaN
       23 6   94.0   NaN   NaN    NaN   NaN   NaN
       24 0    NaN   NaN   NaN    NaN  75.0   NaN
       25 1    NaN   NaN   NaN    NaN  86.0   NaN
       26 2    NaN   NaN   NaN    NaN  93.0   NaN
       27 3    NaN   NaN   NaN    NaN  84.0   NaN
       28 4    NaN   NaN   NaN    NaN  72.0   NaN
       29 5    NaN   NaN  73.0    NaN   NaN   NaN
       30 6    NaN   NaN   NaN    NaN  87.0   NaN
